<?xml version="1.0" encoding="UTF-8"?>
<!-- Generated by org.testng.reporters.JUnitXMLReporter -->
<testsuite hostname="Venkatesh" ignored="0" name="HomePage" tests="1" failures="0" timestamp="2020-11-06T20:46:32 IST" time="0.35" errors="0">
  <testcase name="@BeforeTest setUp" time="0.05" classname="TestCases.HomePage">
    <failure type="java.lang.NullPointerException">
      <![CDATA[java.lang.NullPointerException
at resources.base.initialize(base.java:32)
at TestCases.HomePage.setUp(HomePage.java:24)
... Removed 24 stack frames]]>
    </failure>
  </testcase> <!-- @BeforeTest setUp -->
  <testcase name="@AfterTest tearDown" time="-1.60467579245E9" classname="TestCases.HomePage">
    <skipped/>
  </testcase> <!-- @AfterTest tearDown -->
  <testcase name="homePagee" time="0.0" classname="TestCases.HomePage">
    <skipped/>
  </testcase> <!-- homePagee -->
</testsuite> <!-- HomePage -->
