<?xml version="1.0" encoding="UTF-8"?>
<!-- Generated by org.testng.reporters.JUnitXMLReporter -->
<testsuite hostname="Venkatesh" ignored="0" name="homePageNavigation" tests="1" failures="0" timestamp="2020-11-06T20:46:35 IST" time="0.134" errors="0">
  <testcase name="@BeforeTest setUp" time="0.007" classname="TestCases.homePageNavigation">
    <failure type="java.lang.NullPointerException">
      <![CDATA[java.lang.NullPointerException
at resources.base.initialize(base.java:32)
at TestCases.homePageNavigation.setUp(homePageNavigation.java:30)
... Removed 24 stack frames]]>
    </failure>
  </testcase> <!-- @BeforeTest setUp -->
  <testcase name="@AfterTest tearDown" time="-1.6046757949E9" classname="TestCases.homePageNavigation">
    <skipped/>
  </testcase> <!-- @AfterTest tearDown -->
  <testcase name="navigation" time="0.0" classname="TestCases.homePageNavigation">
    <skipped/>
  </testcase> <!-- navigation -->
</testsuite> <!-- homePageNavigation -->
