<?xml version="1.0" encoding="UTF-8"?>
<!-- Generated by org.testng.reporters.JUnitXMLReporter -->
<testsuite hostname="Venkatesh" ignored="0" name="loginPage" tests="2" failures="0" timestamp="2020-11-06T20:46:35 IST" time="0.179" errors="0">
  <testcase name="@BeforeTest setUp" time="0.004" classname="TestCases.loginPage">
    <failure type="java.lang.NullPointerException">
      <![CDATA[java.lang.NullPointerException
at resources.base.initialize(base.java:32)
at TestCases.loginPage.setUp(loginPage.java:26)
... Removed 24 stack frames]]>
    </failure>
  </testcase> <!-- @BeforeTest setUp -->
  <testcase name="@AfterTest tearDown" time="-1.60467579539E9" classname="TestCases.loginPage">
    <skipped/>
  </testcase> <!-- @AfterTest tearDown -->
  <testcase name="loginPagee" time="0.0" classname="TestCases.loginPage">
    <skipped/>
  </testcase> <!-- loginPagee -->
  <testcase name="loginPagee" time="0.0" classname="TestCases.loginPage">
    <skipped/>
  </testcase> <!-- loginPagee -->
</testsuite> <!-- loginPage -->
