<?xml version="1.0" encoding="UTF-8"?>
<!-- Generated by org.testng.reporters.JUnitXMLReporter -->
<testsuite hostname="Venkatesh" ignored="0" name="Test" tests="4" failures="0" timestamp="2020-11-05T20:16:58 IST" time="196.244" errors="0">
  <testcase name="homePagee" time="1.634" classname="TestCases.HomePage"/>
  <testcase name="navigation" time="30.112" classname="TestCases.homePageNavigation"/>
  <testcase name="loginPagee" time="35.177" classname="TestCases.loginPage"/>
  <testcase name="loginPagee" time="57.703" classname="TestCases.loginPage"/>
</testsuite> <!-- Test -->
