<?xml version="1.0" encoding="UTF-8"?>
<testng-results skipped="0" failed="0" ignored="0" total="8" passed="8">
  <reporter-output>
  </reporter-output>
  <suite name="Suite" duration-ms="246338" started-at="2020-11-10T17:09:39 IST" finished-at="2020-11-10T17:13:45 IST">
    <groups>
    </groups>
    <test name="HomePage" duration-ms="56266" started-at="2020-11-10T17:09:39 IST" finished-at="2020-11-10T17:10:35 IST">
      <class name="TestCases.HomePage">
        <test-method status="PASS" signature="setUp()[pri:0, instance:TestCases.HomePage@7d9d0818]" name="setUp" is-config="true" duration-ms="22011" started-at="2020-11-10T17:09:39 IST" finished-at="2020-11-10T17:10:01 IST">
          <reporter-output>
          </reporter-output>
        </test-method> <!-- setUp -->
        <test-method status="PASS" signature="LoginDBParameters()[pri:0, instance:TestCases.HomePage@7d9d0818]" name="LoginDBParameters" duration-ms="12860" started-at="2020-11-10T17:10:01 IST" finished-at="2020-11-10T17:10:14 IST">
          <reporter-output>
          </reporter-output>
        </test-method> <!-- LoginDBParameters -->
        <test-method status="PASS" signature="homePagee()[pri:0, instance:TestCases.HomePage@7d9d0818]" name="homePagee" duration-ms="13268" started-at="2020-11-10T17:10:14 IST" finished-at="2020-11-10T17:10:28 IST">
          <reporter-output>
          </reporter-output>
        </test-method> <!-- homePagee -->
        <test-method status="PASS" signature="tearDown()[pri:0, instance:TestCases.HomePage@7d9d0818]" name="tearDown" is-config="true" duration-ms="7829" started-at="2020-11-10T17:10:28 IST" finished-at="2020-11-10T17:10:35 IST">
          <reporter-output>
          </reporter-output>
        </test-method> <!-- tearDown -->
      </class> <!-- TestCases.HomePage -->
    </test> <!-- HomePage -->
    <test name="homePageNavigation" duration-ms="69043" started-at="2020-11-10T17:10:39 IST" finished-at="2020-11-10T17:11:48 IST">
      <class name="TestCases.homePageNavigation">
        <test-method status="PASS" signature="setUp()[pri:0, instance:TestCases.homePageNavigation@433defed]" name="setUp" is-config="true" duration-ms="17976" started-at="2020-11-10T17:10:39 IST" finished-at="2020-11-10T17:10:57 IST">
          <reporter-output>
          </reporter-output>
        </test-method> <!-- setUp -->
        <test-method status="PASS" signature="autoIT()[pri:0, instance:TestCases.homePageNavigation@433defed]" name="autoIT" duration-ms="20132" started-at="2020-11-10T17:10:57 IST" finished-at="2020-11-10T17:11:17 IST">
          <reporter-output>
          </reporter-output>
        </test-method> <!-- autoIT -->
        <test-method status="PASS" signature="navigation()[pri:0, instance:TestCases.homePageNavigation@433defed]" name="navigation" duration-ms="30061" started-at="2020-11-10T17:11:17 IST" finished-at="2020-11-10T17:11:47 IST">
          <reporter-output>
          </reporter-output>
        </test-method> <!-- navigation -->
        <test-method status="PASS" signature="tearDown()[pri:0, instance:TestCases.homePageNavigation@433defed]" name="tearDown" is-config="true" duration-ms="867" started-at="2020-11-10T17:11:47 IST" finished-at="2020-11-10T17:11:48 IST">
          <reporter-output>
          </reporter-output>
        </test-method> <!-- tearDown -->
      </class> <!-- TestCases.homePageNavigation -->
    </test> <!-- homePageNavigation -->
    <test name="loginPage" duration-ms="54512" started-at="2020-11-10T17:11:48 IST" finished-at="2020-11-10T17:12:43 IST">
      <class name="TestCases.loginPage">
        <test-method status="PASS" signature="setUp()[pri:0, instance:TestCases.loginPage@312aa7c]" name="setUp" is-config="true" duration-ms="4176" started-at="2020-11-10T17:11:48 IST" finished-at="2020-11-10T17:11:52 IST">
          <reporter-output>
          </reporter-output>
        </test-method> <!-- setUp -->
        <test-method status="PASS" signature="loginPagee(java.lang.String, java.lang.String)[pri:0, instance:TestCases.loginPage@312aa7c]" name="loginPagee" duration-ms="22848" started-at="2020-11-10T17:11:52 IST" data-provider="getData" finished-at="2020-11-10T17:12:15 IST">
          <params>
            <param index="0">
              <value>
                <![CDATA[adminOne]]>
              </value>
            </param>
            <param index="1">
              <value>
                <![CDATA[passwordOne]]>
              </value>
            </param>
          </params>
          <reporter-output>
          </reporter-output>
        </test-method> <!-- loginPagee -->
        <test-method status="PASS" signature="loginPagee(java.lang.String, java.lang.String)[pri:0, instance:TestCases.loginPage@312aa7c]" name="loginPagee" duration-ms="23023" started-at="2020-11-10T17:12:15 IST" data-provider="getData" finished-at="2020-11-10T17:12:38 IST">
          <params>
            <param index="0">
              <value>
                <![CDATA[adminTwo]]>
              </value>
            </param>
            <param index="1">
              <value>
                <![CDATA[passwordTwo]]>
              </value>
            </param>
          </params>
          <reporter-output>
          </reporter-output>
        </test-method> <!-- loginPagee -->
        <test-method status="PASS" signature="tearDown()[pri:0, instance:TestCases.loginPage@312aa7c]" name="tearDown" is-config="true" duration-ms="4441" started-at="2020-11-10T17:12:38 IST" finished-at="2020-11-10T17:12:43 IST">
          <reporter-output>
          </reporter-output>
        </test-method> <!-- tearDown -->
      </class> <!-- TestCases.loginPage -->
    </test> <!-- loginPage -->
    <test name="uploadDownload" duration-ms="52334" started-at="2020-11-10T17:12:43 IST" finished-at="2020-11-10T17:13:35 IST">
      <class name="TestCases.autoITUploadDownload">
        <test-method status="PASS" signature="setUp()[pri:0, instance:TestCases.autoITUploadDownload@6c4906d3]" name="setUp" is-config="true" duration-ms="9166" started-at="2020-11-10T17:12:43 IST" finished-at="2020-11-10T17:12:52 IST">
          <reporter-output>
          </reporter-output>
        </test-method> <!-- setUp -->
        <test-method status="PASS" signature="uploadDownloadAutoIt()[pri:0, instance:TestCases.autoITUploadDownload@6c4906d3]" name="uploadDownloadAutoIt" duration-ms="38842" started-at="2020-11-10T17:12:52 IST" finished-at="2020-11-10T17:13:31 IST">
          <reporter-output>
          </reporter-output>
        </test-method> <!-- uploadDownloadAutoIt -->
        <test-method status="PASS" signature="tearDown()[pri:0, instance:TestCases.autoITUploadDownload@6c4906d3]" name="tearDown" is-config="true" duration-ms="4319" started-at="2020-11-10T17:13:31 IST" finished-at="2020-11-10T17:13:35 IST">
          <reporter-output>
          </reporter-output>
        </test-method> <!-- tearDown -->
      </class> <!-- TestCases.autoITUploadDownload -->
    </test> <!-- uploadDownload -->
    <test name="cloudPlatform" duration-ms="9955" started-at="2020-11-10T17:13:35 IST" finished-at="2020-11-10T17:13:45 IST">
      <class name="TestCases.cloudPlatform">
        <test-method status="PASS" signature="cloudChromeWindowPlatform()[pri:0, instance:TestCases.cloudPlatform@6f01b95f]" name="cloudChromeWindowPlatform" duration-ms="9950" started-at="2020-11-10T17:13:35 IST" finished-at="2020-11-10T17:13:45 IST">
          <reporter-output>
          </reporter-output>
        </test-method> <!-- cloudChromeWindowPlatform -->
      </class> <!-- TestCases.cloudPlatform -->
    </test> <!-- cloudPlatform -->
  </suite> <!-- Suite -->
</testng-results>
