<?xml version="1.0" encoding="UTF-8"?>
<testng-results skipped="0" failed="0" ignored="0" total="5" passed="5">
  <reporter-output>
  </reporter-output>
  <suite name="Suite" duration-ms="30901" started-at="2020-11-07T19:44:31 IST" finished-at="2020-11-07T19:45:02 IST">
    <groups>
    </groups>
    <test name="HomePage" duration-ms="10921" started-at="2020-11-07T19:44:31 IST" finished-at="2020-11-07T19:44:42 IST">
      <class name="TestCases.HomePage">
        <test-method status="PASS" signature="setUp()[pri:0, instance:TestCases.HomePage@7d9d0818]" name="setUp" is-config="true" duration-ms="6272" started-at="2020-11-07T19:44:31 IST" finished-at="2020-11-07T19:44:38 IST">
          <reporter-output>
          </reporter-output>
        </test-method> <!-- setUp -->
        <test-method status="PASS" signature="LoginDBParameters()[pri:0, instance:TestCases.HomePage@7d9d0818]" name="LoginDBParameters" duration-ms="2999" started-at="2020-11-07T19:44:38 IST" finished-at="2020-11-07T19:44:41 IST">
          <reporter-output>
          </reporter-output>
        </test-method> <!-- LoginDBParameters -->
        <test-method status="PASS" signature="homePagee()[pri:0, instance:TestCases.HomePage@7d9d0818]" name="homePagee" duration-ms="1409" started-at="2020-11-07T19:44:41 IST" finished-at="2020-11-07T19:44:42 IST">
          <reporter-output>
          </reporter-output>
        </test-method> <!-- homePagee -->
        <test-method status="PASS" signature="tearDown()[pri:0, instance:TestCases.HomePage@7d9d0818]" name="tearDown" is-config="true" duration-ms="191" started-at="2020-11-07T19:44:42 IST" finished-at="2020-11-07T19:44:42 IST">
          <reporter-output>
          </reporter-output>
        </test-method> <!-- tearDown -->
      </class> <!-- TestCases.HomePage -->
    </test> <!-- HomePage -->
    <test name="homePageNavigation" duration-ms="8658" started-at="2020-11-07T19:44:43 IST" finished-at="2020-11-07T19:44:52 IST">
      <class name="TestCases.homePageNavigation">
        <test-method status="PASS" signature="setUp()[pri:0, instance:TestCases.homePageNavigation@433defed]" name="setUp" is-config="true" duration-ms="6059" started-at="2020-11-07T19:44:43 IST" finished-at="2020-11-07T19:44:49 IST">
          <reporter-output>
          </reporter-output>
        </test-method> <!-- setUp -->
        <test-method status="PASS" signature="navigation()[pri:0, instance:TestCases.homePageNavigation@433defed]" name="navigation" duration-ms="2526" started-at="2020-11-07T19:44:49 IST" finished-at="2020-11-07T19:44:52 IST">
          <reporter-output>
          </reporter-output>
        </test-method> <!-- navigation -->
        <test-method status="PASS" signature="tearDown()[pri:0, instance:TestCases.homePageNavigation@433defed]" name="tearDown" is-config="true" duration-ms="70" started-at="2020-11-07T19:44:52 IST" finished-at="2020-11-07T19:44:52 IST">
          <reporter-output>
          </reporter-output>
        </test-method> <!-- tearDown -->
      </class> <!-- TestCases.homePageNavigation -->
    </test> <!-- homePageNavigation -->
    <test name="loginPage" duration-ms="10586" started-at="2020-11-07T19:44:52 IST" finished-at="2020-11-07T19:45:02 IST">
      <class name="TestCases.loginPage">
        <test-method status="PASS" signature="setUp()[pri:0, instance:TestCases.loginPage@312aa7c]" name="setUp" is-config="true" duration-ms="2416" started-at="2020-11-07T19:44:52 IST" finished-at="2020-11-07T19:44:54 IST">
          <reporter-output>
          </reporter-output>
        </test-method> <!-- setUp -->
        <test-method status="PASS" signature="loginPagee(java.lang.String, java.lang.String)[pri:0, instance:TestCases.loginPage@312aa7c]" name="loginPagee" duration-ms="5523" started-at="2020-11-07T19:44:54 IST" data-provider="getData" finished-at="2020-11-07T19:45:00 IST">
          <params>
            <param index="0">
              <value>
                <![CDATA[adminOne]]>
              </value>
            </param>
            <param index="1">
              <value>
                <![CDATA[passwordOne]]>
              </value>
            </param>
          </params>
          <reporter-output>
          </reporter-output>
        </test-method> <!-- loginPagee -->
        <test-method status="PASS" signature="loginPagee(java.lang.String, java.lang.String)[pri:0, instance:TestCases.loginPage@312aa7c]" name="loginPagee" duration-ms="2575" started-at="2020-11-07T19:45:00 IST" data-provider="getData" finished-at="2020-11-07T19:45:02 IST">
          <params>
            <param index="0">
              <value>
                <![CDATA[adminTwo]]>
              </value>
            </param>
            <param index="1">
              <value>
                <![CDATA[passwordTwo]]>
              </value>
            </param>
          </params>
          <reporter-output>
          </reporter-output>
        </test-method> <!-- loginPagee -->
        <test-method status="PASS" signature="tearDown()[pri:0, instance:TestCases.loginPage@312aa7c]" name="tearDown" is-config="true" duration-ms="66" started-at="2020-11-07T19:45:02 IST" finished-at="2020-11-07T19:45:02 IST">
          <reporter-output>
          </reporter-output>
        </test-method> <!-- tearDown -->
      </class> <!-- TestCases.loginPage -->
    </test> <!-- loginPage -->
  </suite> <!-- Suite -->
</testng-results>
