<?xml version="1.0" encoding="UTF-8"?>
<testng-results skipped="0" failed="0" ignored="1" total="2" passed="1">
  <reporter-output>
  </reporter-output>
  <suite name="Default suite" duration-ms="10631" started-at="2020-11-07T19:33:45 IST" finished-at="2020-11-07T19:33:56 IST">
    <groups>
    </groups>
    <test name="Default test" duration-ms="10631" started-at="2020-11-07T19:33:45 IST" finished-at="2020-11-07T19:33:56 IST">
      <class name="TestCases.HomePage">
        <test-method status="PASS" signature="setUp()[pri:0, instance:TestCases.HomePage@548e6d58]" name="setUp" is-config="true" duration-ms="6648" started-at="2020-11-07T19:33:45 IST" finished-at="2020-11-07T19:33:52 IST">
          <reporter-output>
          </reporter-output>
        </test-method> <!-- setUp -->
        <test-method status="PASS" signature="DBLogin()[pri:0, instance:TestCases.HomePage@548e6d58]" name="DBLogin" duration-ms="3783" started-at="2020-11-07T19:33:52 IST" finished-at="2020-11-07T19:33:56 IST">
          <reporter-output>
          </reporter-output>
        </test-method> <!-- DBLogin -->
        <test-method status="PASS" signature="tearDown()[pri:0, instance:TestCases.HomePage@548e6d58]" name="tearDown" is-config="true" duration-ms="156" started-at="2020-11-07T19:33:56 IST" finished-at="2020-11-07T19:33:56 IST">
          <reporter-output>
          </reporter-output>
        </test-method> <!-- tearDown -->
      </class> <!-- TestCases.HomePage -->
    </test> <!-- Default test -->
  </suite> <!-- Default suite -->
</testng-results>
